2022-06-13 20:19:48,211::DEBUG::HandleGpio.py::340 IO Blink thread
2022-06-13 20:19:48,216::DEBUG::HandleGpio.py::340 IO Blink thread
2022-06-13 20:19:48,217::DEBUG::HandleGpio.py::340 IO Blink thread
2022-06-13 20:19:48,217::DEBUG::HandleGpio.py::340 IO Blink thread
2022-06-13 20:19:48,217::DEBUG::HandleGpio.py::340 IO Blink thread
2022-06-13 20:19:48,217::DEBUG::HandleGpio.py::340 IO Blink thread
2022-06-13 20:19:48,217::DEBUG::gpio_process.py::111 blink booting light thread!
2022-06-13 20:19:53,237::DEBUG::HandleGpio.py::340 IO Blink thread
2022-06-13 20:19:53,237::DEBUG::HandleGpio.py::340 IO Blink thread
2022-06-13 20:19:53,238::DEBUG::HandleGpio.py::340 IO Blink thread
2022-06-13 20:19:53,239::DEBUG::HandleGpio.py::340 IO Blink thread
2022-06-13 20:19:53,239::DEBUG::HandleGpio.py::340 IO Blink thread
2022-06-13 20:19:53,240::DEBUG::HandleGpio.py::340 IO Blink thread
2022-06-13 20:20:07,304::DEBUG::gpio_process.py::121 stopping booting light blink thread
2022-06-13 20:20:07,304::DEBUG::gpio_process.py::205 start up buzzer blink
2022-06-13 20:20:07,310::DEBUG::HandleGpio.py::383 IO Blink thread
2022-06-13 20:20:07,530::DEBUG::HandleGpio.py::394 IO Blink thread running pin 23
2022-06-13 20:20:07,611::DEBUG::gpio_process.py::96 blink program running thread!
2022-06-13 20:20:07,976::INFO::HandleGpio.py::403 on out : 23
2022-06-13 20:20:08,732::INFO::HandleGpio.py::408 off out : 23
2022-06-13 20:20:09,244::INFO::HandleGpio.py::403 on out : 23
2022-06-13 20:20:10,109::INFO::HandleGpio.py::408 off out : 23
