2022-06-08 11:58:54,698 :: ☠ E2801170000002091B327335 tag not available in DB
2022-06-08 12:19:05,262 :: ☠ E2801170000002091B327335 tag not available in DB
2022-06-08 12:28:56,111 :: ☠ E2801170000002091B327335 tag not available in DB
2022-06-08 12:54:28,427 :: ☠ E2801170000002091B327335 tag not available in DB
2022-06-08 14:02:38,634 :: ☠ E2801170000002091B326A0D tag not available in DB
2022-06-08 14:02:38,976 :: ☠ 00361FB150084C174876E810 tag not available in DB
2022-06-08 14:02:39,288 :: ☠ E2801170000002091B327335 tag not available in DB
2022-06-08 14:02:44,167 :: ☠ 00361FB150084C174876E810 tag not available in DB
2022-06-08 14:02:46,775 :: ☠ E2801170000002091B32731C tag not available in DB
2022-06-08 14:02:47,132 :: ☠ E2801170000002091B327335 tag not available in DB
2022-06-08 14:02:49,992 :: ☠ 00361FB150084C174876E810 tag not available in DB
2022-06-08 14:02:52,463 :: ☠ E2801170000002091B327335 tag not available in DB
2022-06-08 14:02:55,618 :: ☠ 00361FB150084C174876E810 tag not available in DB
2022-06-08 14:02:59,337 :: ☠ E2801170000002091B327335 tag not available in DB
2022-06-08 14:03:01,342 :: ☠ 00361FB150084C174876E810 tag not available in DB
2022-06-08 14:03:03,846 :: ☠ E2801170000002091B327335 tag not available in DB
2022-06-08 14:03:06,933 :: ☠ 00361FB150084C174876E810 tag not available in DB
2022-06-08 14:03:08,935 :: ☠ E2801170000002091B32731C tag not available in DB
2022-06-08 14:03:09,259 :: ☠ E2801170000002091B326A0D tag not available in DB
2022-06-08 14:03:09,876 :: ☠ E2801170000002091B327335 tag not available in DB
2022-06-08 14:03:12,459 :: ☠ 00361FB150084C174876E810 tag not available in DB
2022-06-08 14:03:15,339 :: ☠ E2801170000002091B327335 tag not available in DB
2022-06-08 14:03:22,300 :: ☠ 00361FB150084C174876E810 tag not available in DB
2022-06-08 14:03:22,758 :: ☠ E2801170000002091B32731C tag not available in DB
2022-06-08 14:03:23,103 :: ☠ E2801170000002091B327335 tag not available in DB
2022-06-08 14:03:27,680 :: ☠ 00361FB150084C174876E810 tag not available in DB
2022-06-08 14:03:32,955 :: ☠ E2801170000002091B327335 tag not available in DB
2022-06-08 14:03:33,270 :: ☠ 00361FB150084C174876E810 tag not available in DB
2022-06-08 14:03:36,529 :: ☠ E2801170000002091B32731C tag not available in DB
2022-06-08 14:03:36,886 :: ☠ E2801170000002091B326A0D tag not available in DB
2022-06-08 14:03:38,842 :: ☠ E2801170000002091B327335 tag not available in DB
2022-06-08 14:03:39,190 :: ☠ 00361FB150084C174876E810 tag not available in DB
2022-06-08 14:03:44,768 :: ☠ E2801170000002091B327335 tag not available in DB
2022-06-08 14:03:45,076 :: ☠ 00361FB150084C174876E810 tag not available in DB
2022-06-08 14:03:51,266 :: ☠ E2801170000002091B327335 tag not available in DB
2022-06-08 14:03:56,495 :: ☠ 00361FB150084C174876E810 tag not available in DB
2022-06-08 14:04:00,450 :: ☠ E2801170000002091B327335 tag not available in DB
2022-06-08 14:04:02,827 :: ☠ 00361FB150084C174876E810 tag not available in DB
2022-06-08 14:04:10,959 :: ☠ E2801170000002091B327335 tag not available in DB
2022-06-08 14:04:15,426 :: ☠ 00361FB150084C174876E810 tag not available in DB
2022-06-08 14:04:15,845 :: ☠ E2801170000002091B327335 tag not available in DB
2022-06-08 14:04:20,556 :: ☠ 00361FB150084C174876E810 tag not available in DB
2022-06-08 14:04:24,733 :: ☠ E2801170000002091B327335 tag not available in DB
2022-06-08 14:04:26,008 :: ☠ 00361FB150084C174876E810 tag not available in DB
2022-06-08 14:04:32,758 :: ☠ E2801170000002091B327335 tag not available in DB
2022-06-08 14:04:38,683 :: ☠ 00361FB150084C174876E810 tag not available in DB
2022-06-08 14:04:38,968 :: ☠ E2801170000002091B327335 tag not available in DB
2022-06-08 14:04:44,616 :: ☠ 00361FB150084C174876E810 tag not available in DB
2022-06-08 14:04:44,952 :: ☠ E2801170000002091B327335 tag not available in DB
2022-06-08 14:04:50,348 :: ☠ 00361FB150084C174876E810 tag not available in DB
2022-06-08 14:04:50,668 :: ☠ E2801170000002091B327335 tag not available in DB
2022-06-08 14:04:56,788 :: ☠ 00361FB150084C174876E810 tag not available in DB
2022-06-08 14:04:57,092 :: ☠ E2801170000002091B327335 tag not available in DB
2022-06-08 14:04:58,458 :: ☠ E2801170000002091B32731C tag not available in DB
2022-06-08 14:05:02,115 :: ☠ 00361FB150084C174876E810 tag not available in DB
2022-06-08 14:05:02,738 :: ☠ E2801170000002091B327335 tag not available in DB
2022-06-08 14:05:07,909 :: ☠ 00361FB150084C174876E810 tag not available in DB
2022-06-08 14:05:08,750 :: ☠ E2801170000002091B32731C tag not available in DB
2022-06-08 14:05:10,720 :: ☠ E2801170000002091B327335 tag not available in DB
2022-06-08 14:05:13,797 :: ☠ 00361FB150084C174876E810 tag not available in DB
2022-06-08 14:05:19,575 :: ☠ E2801170000002091B32731C tag not available in DB
2022-06-08 14:05:23,657 :: ☠ E2801170000002091B326A0D tag not available in DB
2022-06-08 14:05:23,978 :: ☠ E2801170000002091B327335 tag not available in DB
2022-06-08 14:05:25,353 :: ☠ 00361FB150084C174876E810 tag not available in DB
2022-06-08 14:05:34,320 :: ☠ E2801170000002091B32731C tag not available in DB
2022-06-08 14:05:36,513 :: ☠ E2801170000002091B327335 tag not available in DB
2022-06-08 14:05:37,707 :: ☠ 00361FB150084C174876E810 tag not available in DB
2022-06-08 14:05:38,038 :: ☠ E2801170000002091B326A0D tag not available in DB
2022-06-08 14:05:42,615 :: ☠ 00361FB150084C174876E810 tag not available in DB
2022-06-08 14:05:44,383 :: ☠ E2801170000002091B32731C tag not available in DB
2022-06-08 14:05:45,741 :: ☠ E2801170000002091B327335 tag not available in DB
2022-06-08 14:05:48,370 :: ☠ 00361FB150084C174876E810 tag not available in DB
2022-06-08 14:05:49,948 :: ☠ E2801170000002091B32731C tag not available in DB
2022-06-08 14:05:50,273 :: ☠ E2801170000002091B326A0D tag not available in DB
2022-06-08 14:05:51,762 :: ☠ E2801170000002091B327335 tag not available in DB
2022-06-08 14:05:56,437 :: ☠ 00361FB150084C174876E810 tag not available in DB
2022-06-08 14:05:56,767 :: ☠ E2801170000002091B326A0D tag not available in DB
2022-06-08 14:05:57,032 :: ☠ E2801170000002091B32731C tag not available in DB
2022-06-08 14:05:59,783 :: ☠ E2801170000002091B327335 tag not available in DB
2022-06-08 14:06:01,805 :: ☠ 00361FB150084C174876E810 tag not available in DB
2022-06-08 14:06:02,545 :: ☠ E2801170000002091B32731C tag not available in DB
2022-06-08 14:06:07,961 :: ☠ 00361FB150084C174876E810 tag not available in DB
2022-06-08 14:06:13,195 :: ☠ E2801170000002091B32731C tag not available in DB
2022-06-08 14:06:13,613 :: ☠ E2801170000002091B327335 tag not available in DB
2022-06-08 14:06:13,934 :: ☠ E2801170000002091B326A0D tag not available in DB
2022-06-08 14:06:14,280 :: ☠ 00361FB150084C174876E810 tag not available in DB
2022-06-08 14:06:21,690 :: ☠ E2801170000002091B327335 tag not available in DB
2022-06-08 14:06:26,649 :: ☠ 00361FB150084C174876E810 tag not available in DB
2022-06-08 14:06:27,462 :: ☠ E2801170000002091B327335 tag not available in DB
2022-06-08 14:06:32,696 :: ☠ 00361FB150084C174876E810 tag not available in DB
2022-06-08 14:06:34,868 :: ☠ E2801170000002091B327335 tag not available in DB
2022-06-08 14:06:36,798 :: ☠ E2801170000002091B32731C tag not available in DB
2022-06-08 14:06:38,263 :: ☠ 00361FB150084C174876E810 tag not available in DB
2022-06-08 14:06:39,825 :: ☠ E2801170000002091B326A0D tag not available in DB
2022-06-08 14:06:44,048 :: ☠ 00361FB150084C174876E810 tag not available in DB
2022-06-08 14:06:44,408 :: ☠ E2801170000002091B327335 tag not available in DB
2022-06-08 14:06:46,645 :: ☠ E2801170000002091B32731C tag not available in DB
2022-06-08 14:06:50,547 :: ☠ 00361FB150084C174876E810 tag not available in DB
2022-06-08 14:06:50,899 :: ☠ E2801170000002091B327335 tag not available in DB
2022-06-08 14:06:55,947 :: ☠ 00361FB150084C174876E810 tag not available in DB
2022-06-08 14:06:56,002 :: ☠ E2801170000002091B327335 tag not available in DB
2022-06-08 14:06:59,241 :: ☠ E2801170000002091B326A0D tag not available in DB
2022-06-08 14:07:02,226 :: ☠ 00361FB150084C174876E810 tag not available in DB
2022-06-08 14:07:02,571 :: ☠ E2801170000002091B327335 tag not available in DB
2022-06-08 14:07:08,151 :: ☠ 00361FB150084C174876E810 tag not available in DB
2022-06-08 14:07:08,465 :: ☠ E2801170000002091B327335 tag not available in DB
2022-06-08 14:07:13,509 :: ☠ 00361FB150084C174876E810 tag not available in DB
2022-06-08 14:07:13,856 :: ☠ E2801170000002091B327335 tag not available in DB
2022-06-08 14:07:20,032 :: ☠ 00361FB150084C174876E810 tag not available in DB
2022-06-08 14:07:21,537 :: ☠ E2801170000002091B327335 tag not available in DB
2022-06-08 14:07:24,810 :: ☠ 00361FB150084C174876E810 tag not available in DB
2022-06-08 14:07:28,895 :: ☠ E2801170000002091B327335 tag not available in DB
2022-06-08 14:07:32,045 :: ☠ 00361FB150084C174876E810 tag not available in DB
2022-06-08 14:07:35,137 :: ☠ E2801170000002091B327335 tag not available in DB
2022-06-08 14:07:37,771 :: ☠ 00361FB150084C174876E810 tag not available in DB
2022-06-08 14:07:44,248 :: ☠ E2801170000002091B327335 tag not available in DB
2022-06-08 14:07:49,141 :: ☠ 00361FB150084C174876E810 tag not available in DB
2022-06-08 14:07:49,932 :: ☠ E2801170000002091B327335 tag not available in DB
2022-06-08 14:07:55,008 :: ☠ 00361FB150084C174876E810 tag not available in DB
2022-06-08 14:07:58,323 :: ☠ E2801170000002091B327335 tag not available in DB
2022-06-08 14:08:00,470 :: ☠ 00361FB150084C174876E810 tag not available in DB
2022-06-08 14:08:07,978 :: ☠ E2801170000002091B327335 tag not available in DB
2022-06-08 14:08:13,809 :: ☠ 00361FB150084C174876E810 tag not available in DB
2022-06-08 14:08:14,194 :: ☠ E2801170000002091B327335 tag not available in DB
2022-06-08 14:08:19,225 :: ☠ 00361FB150084C174876E810 tag not available in DB
2022-06-08 14:08:19,696 :: ☠ E2801170000002091B327335 tag not available in DB
2022-06-08 14:08:24,969 :: ☠ 00361FB150084C174876E810 tag not available in DB
2022-06-08 14:08:25,439 :: ☠ E2801170000002091B327335 tag not available in DB
2022-06-08 14:08:30,433 :: ☠ 00361FB150084C174876E810 tag not available in DB
2022-06-08 14:08:31,613 :: ☠ E2801170000002091B327335 tag not available in DB
2022-06-08 14:08:36,249 :: ☠ 00361FB150084C174876E810 tag not available in DB
2022-06-08 14:08:37,565 :: ☠ E2801170000002091B327335 tag not available in DB
2022-06-08 14:08:41,810 :: ☠ 00361FB150084C174876E810 tag not available in DB
2022-06-08 14:08:43,648 :: ☠ E2801170000002091B327335 tag not available in DB
2022-06-08 14:08:47,616 :: ☠ 00361FB150084C174876E810 tag not available in DB
2022-06-08 14:08:49,531 :: ☠ E2801170000002091B327335 tag not available in DB
2022-06-08 14:08:53,577 :: ☠ 00361FB150084C174876E810 tag not available in DB
2022-06-08 14:08:55,554 :: ☠ E2801170000002091B327335 tag not available in DB
2022-06-08 14:08:58,771 :: ☠ 00361FB150084C174876E810 tag not available in DB
2022-06-08 14:09:01,961 :: ☠ E28011700000020916AF43AF tag not available in DB
2022-06-08 14:09:02,311 :: ☠ E28011700000020916AEF5A3 tag not available in DB
2022-06-08 14:09:02,353 :: ☠ E280116060000209F7DFA05E tag not available in DB
2022-06-08 14:09:05,211 :: ☠ 00361FB150084C174876E810 tag not available in DB
2022-06-08 14:09:14,106 :: ☠ E28011700000020916AF43AF tag not available in DB
2022-06-08 14:09:14,417 :: ☠ E280116060000209F7DFA05E tag not available in DB
2022-06-08 14:09:14,729 :: ☠ E28011700000020916AEF5A3 tag not available in DB
2022-06-08 14:09:15,450 :: ☠ E280116060000209F7DFA04E tag not available in DB
2022-06-08 14:09:15,752 :: ☠ 30361FB05052F8974876E802 tag not available in DB
2022-06-08 14:09:16,121 :: ☠ E2801170000002091B327302 tag not available in DB
2022-06-08 14:09:16,436 :: ☠ 000010121800000000000016 tag not available in DB
2022-06-08 14:09:17,033 :: ☠ 370032019120300000000002 tag not available in DB
2022-06-08 14:09:17,362 :: ☠ 00361FB150084C174876E810 tag not available in DB
2022-06-08 14:09:17,821 :: ☠ 00361FB1500849174876E916 tag not available in DB
2022-06-08 14:09:18,300 :: ☠ 370032019120300000000022 tag not available in DB
2022-06-08 14:09:18,546 :: ☠ 370032019120300000000004 tag not available in DB
2022-06-08 14:09:18,898 :: ☠ E2801170000002091B327343 tag not available in DB
2022-06-08 14:09:19,252 :: ☠ E2801170000002091B3251E1 tag not available in DB
2022-06-08 14:09:19,537 :: ☠ E28011700000020989346554 tag not available in DB
2022-06-08 14:09:19,857 :: ☠ E2801170000002091B32731C tag not available in DB
2022-06-08 14:09:20,172 :: ☠ 00361FA504442D174876E8EC tag not available in DB
2022-06-08 14:09:20,477 :: ☠ E28011700000020989344B54 tag not available in DB
2022-06-08 14:09:20,775 :: ☠ 30361FA67C04E2174876EDB0 tag not available in DB
2022-06-08 14:09:21,057 :: ☠ E280116060000209F7DFA05E tag not available in DB
2022-06-08 14:09:21,570 :: ☠ 30361FB05052F8974876E802 tag not available in DB
