2022-06-15 09:39:09,152::INFO::main.py::128 Local config read ... OK
2022-06-15 09:39:14,172::INFO::main.py::735 Application VERSION= 1.0.0 02/06/2022 19:00:28
2022-06-15 09:39:15,380::INFO::main.py::410 periodic thread started!
2022-06-15 09:39:15,393::DEBUG::main.py::196 started message listner!....
2022-06-15 09:39:15,530::DEBUG::main.py::521 Device ID : e4:5f:01:82:7b:03
2022-06-15 09:39:16,274::INFO::main.py::547 RTC get datetime= 2022-06-15 09:39:15
2022-06-15 09:39:16,285::DEBUG::main.py::367 send start scanning : {'topic': 'rfid', 'cmd': 'fastgate', 'type': 'None', 'data': ''}
2022-06-15 09:39:16,291::DEBUG::main.py::558 >>> Start scanning !.....
2022-06-15 09:39:16,556::DEBUG::main.py::174 process rfid fastgate
2022-06-15 09:39:29,389::DEBUG::main.py::161 rfid setup message : {'cmd': 'setup', 'status': 'success', 'reason': ''}
2022-06-15 09:47:36,963::CRITICAL::main.py::729 app Exited!
2022-06-15 09:48:49,018::INFO::main.py::128 Local config read ... OK
2022-06-15 09:48:54,030::INFO::main.py::735 Application VERSION= 1.0.0 02/06/2022 19:00:28
2022-06-15 09:48:54,713::INFO::main.py::410 periodic thread started!
2022-06-15 09:48:54,730::DEBUG::main.py::196 started message listner!....
2022-06-15 09:48:54,895::DEBUG::main.py::521 Device ID : e4:5f:01:82:7b:03
2022-06-15 09:48:55,534::INFO::main.py::547 RTC get datetime= 2022-06-15 09:48:54
2022-06-15 09:48:55,545::DEBUG::main.py::367 send start scanning : {'topic': 'rfid', 'cmd': 'fastgate', 'type': 'None', 'data': ''}
2022-06-15 09:48:55,556::DEBUG::main.py::558 >>> Start scanning !.....
2022-06-15 09:48:55,795::DEBUG::main.py::174 process rfid fastgate
2022-06-15 09:49:05,814::DEBUG::main.py::161 rfid setup message : {'cmd': 'setup', 'status': 'success', 'reason': ''}
2022-06-15 09:49:09,265::CRITICAL::main.py::729 app Exited!
2022-06-15 12:04:56,340::INFO::main.py::128 Local config read ... OK
2022-06-15 12:05:01,357::INFO::main.py::735 Application VERSION= 1.0.0 02/06/2022 19:00:28
2022-06-15 12:05:01,989::INFO::main.py::410 periodic thread started!
2022-06-15 12:05:02,010::DEBUG::main.py::196 started message listner!....
2022-06-15 12:05:02,179::DEBUG::main.py::521 Device ID : e4:5f:01:82:7b:03
2022-06-15 12:05:02,795::INFO::main.py::547 RTC get datetime= 2022-06-15 12:05:01
2022-06-15 12:05:02,809::DEBUG::main.py::367 send start scanning : {'topic': 'rfid', 'cmd': 'fastgate', 'type': 'None', 'data': ''}
2022-06-15 12:05:02,815::DEBUG::main.py::174 process rfid fastgate
2022-06-15 12:05:02,820::DEBUG::main.py::558 >>> Start scanning !.....
2022-06-15 12:05:08,431::CRITICAL::main.py::729 app Exited!
2022-06-15 15:06:10,264::INFO::main.py::128 Local config read ... OK
2022-06-15 15:06:15,281::INFO::main.py::735 Application VERSION= 1.0.0 02/06/2022 19:00:28
2022-06-15 15:06:15,888::INFO::main.py::410 periodic thread started!
2022-06-15 15:06:15,909::DEBUG::main.py::196 started message listner!....
2022-06-15 15:06:16,074::DEBUG::main.py::521 Device ID : e4:5f:01:82:7b:03
2022-06-15 15:06:16,726::INFO::main.py::547 RTC get datetime= 2022-06-15 15:05:58
2022-06-15 15:06:16,737::DEBUG::main.py::367 send start scanning : {'topic': 'rfid', 'cmd': 'fastgate', 'type': 'None', 'data': ''}
2022-06-15 15:06:16,747::DEBUG::main.py::558 >>> Start scanning !.....
2022-06-15 15:06:17,564::DEBUG::main.py::174 process rfid fastgate
2022-06-15 15:06:29,725::DEBUG::main.py::161 rfid setup message : {'cmd': 'setup', 'status': 'success', 'reason': ''}
2022-06-15 15:19:24,192::INFO::main.py::128 Local config read ... OK
2022-06-15 15:19:29,205::INFO::main.py::735 Application VERSION= 1.0.0 02/06/2022 19:00:28
2022-06-15 15:19:29,794::INFO::main.py::410 periodic thread started!
2022-06-15 15:19:29,811::DEBUG::main.py::196 started message listner!....
2022-06-15 15:19:29,963::DEBUG::main.py::521 Device ID : e4:5f:01:82:7b:03
2022-06-15 15:19:30,628::INFO::main.py::547 RTC get datetime= 2022-06-15 15:19:29
2022-06-15 15:19:30,638::DEBUG::main.py::367 send start scanning : {'topic': 'rfid', 'cmd': 'fastgate', 'type': 'None', 'data': ''}
2022-06-15 15:19:30,649::DEBUG::main.py::558 >>> Start scanning !.....
2022-06-15 15:19:30,741::DEBUG::main.py::174 process rfid fastgate
2022-06-15 15:19:42,047::DEBUG::main.py::161 rfid setup message : {'cmd': 'setup', 'status': 'success', 'reason': ''}
2022-06-15 15:35:09,404::INFO::main.py::128 Local config read ... OK
2022-06-15 15:35:14,421::INFO::main.py::735 Application VERSION= 1.0.0 02/06/2022 19:00:28
2022-06-15 15:35:15,032::INFO::main.py::410 periodic thread started!
2022-06-15 15:35:15,062::DEBUG::main.py::196 started message listner!....
2022-06-15 15:35:15,220::DEBUG::main.py::521 Device ID : e4:5f:01:82:7b:03
2022-06-15 15:35:15,894::INFO::main.py::547 RTC get datetime= 2022-06-15 15:35:14
2022-06-15 15:35:15,905::DEBUG::main.py::367 send start scanning : {'topic': 'rfid', 'cmd': 'fastgate', 'type': 'None', 'data': ''}
2022-06-15 15:35:15,910::DEBUG::main.py::558 >>> Start scanning !.....
2022-06-15 15:35:16,497::DEBUG::main.py::174 process rfid fastgate
2022-06-15 15:35:29,647::DEBUG::main.py::161 rfid setup message : {'cmd': 'setup', 'status': 'success', 'reason': ''}
