2022-06-15 09:39:14,162::DEBUG::weber.py::61 webpage executing...
2022-06-15 09:39:15,519::DEBUG::weber.py::75 initialising database..
2022-06-15 09:39:57,702::INFO::weber.py::295 logging session is > info@infoteksoftware.com
2022-06-15 09:39:57,936::INFO::weber.py::317 dashboard function
2022-06-15 09:39:57,936::INFO::weber.py::325 {'vehicleuserlistcount': 3, 'lastvehiclelog': {'IN': [(569, '30361FAD281E5817487E871A', '2022-06-13 11:51:14', 'IN', 'Authorized'), 0], 'OUT': [(404, '00361F46981138174876EE46', '2022-05-25 17:59:09', 'OUT', 'Unauthorized'), 0]}, 'date': '15-06-2022', 'authority': 1}
2022-06-15 09:40:03,672::INFO::weber.py::182 handle api call : get_ram_info
2022-06-15 09:40:21,082::INFO::weber.py::182 handle api call : ceckVersionFromServer
2022-06-15 09:44:06,161::INFO::weber.py::182 handle api call : get_ram_info
2022-06-15 09:46:29,860::INFO::weber.py::182 handle api call : get_ram_info
2022-06-15 09:48:54,026::DEBUG::weber.py::61 webpage executing...
2022-06-15 09:48:54,877::DEBUG::weber.py::75 initialising database..
2022-06-15 12:05:01,349::DEBUG::weber.py::61 webpage executing...
2022-06-15 12:05:02,163::DEBUG::weber.py::75 initialising database..
2022-06-15 15:06:15,274::DEBUG::weber.py::61 webpage executing...
2022-06-15 15:06:16,048::DEBUG::weber.py::75 initialising database..
2022-06-15 15:06:44,400::INFO::weber.py::295 logging session is > info@infoteksoftware.com
2022-06-15 15:06:44,517::INFO::weber.py::317 dashboard function
2022-06-15 15:06:44,517::INFO::weber.py::325 {'vehicleuserlistcount': 3, 'lastvehiclelog': {'IN': [(569, '30361FAD281E5817487E871A', '2022-06-13 11:51:14', 'IN', 'Authorized'), 0], 'OUT': [(404, '00361F46981138174876EE46', '2022-05-25 17:59:09', 'OUT', 'Unauthorized'), 0]}, 'date': '15-06-2022', 'authority': 1}
2022-06-15 15:06:58,263::INFO::weber.py::182 handle api call : ceckVersionFromServer
2022-06-15 15:07:01,800::INFO::weber.py::182 handle api call : runPyScript
2022-06-15 15:19:29,201::DEBUG::weber.py::61 webpage executing...
2022-06-15 15:19:29,946::DEBUG::weber.py::75 initialising database..
2022-06-15 15:19:52,428::INFO::weber.py::295 logging session is > info@infoteksoftware.com
2022-06-15 15:19:52,793::INFO::weber.py::317 dashboard function
2022-06-15 15:19:52,798::INFO::weber.py::325 {'vehicleuserlistcount': 3, 'lastvehiclelog': {'IN': [(569, '30361FAD281E5817487E871A', '2022-06-13 11:51:14', 'IN', 'Authorized'), 0], 'OUT': [(404, '00361F46981138174876EE46', '2022-05-25 17:59:09', 'OUT', 'Unauthorized'), 0]}, 'date': '15-06-2022', 'authority': 1}
2022-06-15 15:20:03,687::INFO::weber.py::182 handle api call : ceckVersionFromServer
2022-06-15 15:20:09,902::INFO::weber.py::182 handle api call : ceckVersionFromServer
2022-06-15 15:20:12,950::INFO::weber.py::182 handle api call : runPyScript
2022-06-15 15:35:14,412::DEBUG::weber.py::61 webpage executing...
2022-06-15 15:35:15,188::DEBUG::weber.py::75 initialising database..
2022-06-15 15:51:22,374::INFO::weber.py::182 handle api call : ceckVersionFromServer
2022-06-15 15:51:27,373::INFO::weber.py::182 handle api call : runPyScript
